0 info it worked if it ends with ok
1 verbose cli [ '/usr/local/Cellar/node/0.8.16/bin/node',
1 verbose cli   '/usr/local/bin/npm',
1 verbose cli   'publish' ]
2 info using npm@1.1.69
3 info using node@v0.8.16
4 verbose publish [ '.' ]
5 verbose read json /Users/viatropos/Documents/code/personal/javascript/tcase/package.json
6 verbose cache add [ '.', null ]
7 silly cache add name=undefined spec="." args=[".",null]
8 verbose parsed url { pathname: '.', path: '.', href: '.' }
9 silly lockFile 3a52ce78- .
10 verbose lock . /Users/viatropos/.npm/3a52ce78-.lock
11 verbose read json package.json
12 verbose tar pack [ '/var/folders/n4/nhrj7pnj2dq9d9gbd_7kt6nr0000gn/T/npm-45084/1357989595542-0.3988430325407535/tmp.tgz',
12 verbose tar pack   '.' ]
13 verbose tarball /var/folders/n4/nhrj7pnj2dq9d9gbd_7kt6nr0000gn/T/npm-45084/1357989595542-0.3988430325407535/tmp.tgz
14 verbose folder .
15 info prepublish t-case@0.1.0
16 silly lockFile 860ea6e3-95542-0-3988430325407535-tmp-tgz /var/folders/n4/nhrj7pnj2dq9d9gbd_7kt6nr0000gn/T/npm-45084/1357989595542-0.3988430325407535/tmp.tgz
17 verbose lock /var/folders/n4/nhrj7pnj2dq9d9gbd_7kt6nr0000gn/T/npm-45084/1357989595542-0.3988430325407535/tmp.tgz /Users/viatropos/.npm/860ea6e3-95542-0-3988430325407535-tmp-tgz.lock
18 silly lockFile 860ea6e3-95542-0-3988430325407535-tmp-tgz /var/folders/n4/nhrj7pnj2dq9d9gbd_7kt6nr0000gn/T/npm-45084/1357989595542-0.3988430325407535/tmp.tgz
19 verbose tar unpack /var/folders/n4/nhrj7pnj2dq9d9gbd_7kt6nr0000gn/T/npm-45084/1357989595542-0.3988430325407535/tmp.tgz
20 silly lockFile f0530f88-95542-0-3988430325407535-package /var/folders/n4/nhrj7pnj2dq9d9gbd_7kt6nr0000gn/T/npm-45084/1357989595542-0.3988430325407535/package
21 verbose lock /var/folders/n4/nhrj7pnj2dq9d9gbd_7kt6nr0000gn/T/npm-45084/1357989595542-0.3988430325407535/package /Users/viatropos/.npm/f0530f88-95542-0-3988430325407535-package.lock
22 silly gunzTarPerm modes [ '755', '644' ]
23 silly gunzTarPerm extractEntry package.json
24 silly gunzTarPerm extractEntry .npmignore
25 silly gunzTarPerm extractEntry README.md
26 silly gunzTarPerm extractEntry index.js
27 silly gunzTarPerm extractEntry .travis.yml
28 silly gunzTarPerm extractEntry bin/tstring
29 silly gunzTarPerm extractEntry test/tcaseTest.js
30 silly gunzTarPerm extractEntry test/mocha.opts
31 verbose read json /var/folders/n4/nhrj7pnj2dq9d9gbd_7kt6nr0000gn/T/npm-45084/1357989595542-0.3988430325407535/package/package.json
32 silly lockFile f0530f88-95542-0-3988430325407535-package /var/folders/n4/nhrj7pnj2dq9d9gbd_7kt6nr0000gn/T/npm-45084/1357989595542-0.3988430325407535/package
33 verbose from cache /var/folders/n4/nhrj7pnj2dq9d9gbd_7kt6nr0000gn/T/npm-45084/1357989595542-0.3988430325407535/package/package.json
34 verbose tar pack [ '/Users/viatropos/.npm/t-case/0.1.0/package.tgz',
34 verbose tar pack   '/var/folders/n4/nhrj7pnj2dq9d9gbd_7kt6nr0000gn/T/npm-45084/1357989595542-0.3988430325407535/package' ]
35 verbose tarball /Users/viatropos/.npm/t-case/0.1.0/package.tgz
36 verbose folder /var/folders/n4/nhrj7pnj2dq9d9gbd_7kt6nr0000gn/T/npm-45084/1357989595542-0.3988430325407535/package
37 silly lockFile 1c1031ed-pos-npm-t-case-0-1-0-package-tgz /Users/viatropos/.npm/t-case/0.1.0/package.tgz
38 verbose lock /Users/viatropos/.npm/t-case/0.1.0/package.tgz /Users/viatropos/.npm/1c1031ed-pos-npm-t-case-0-1-0-package-tgz.lock
39 silly lockFile 1c1031ed-pos-npm-t-case-0-1-0-package-tgz /Users/viatropos/.npm/t-case/0.1.0/package.tgz
40 silly lockFile d68c98be-atropos-npm-t-case-0-1-0-package /Users/viatropos/.npm/t-case/0.1.0/package
41 verbose lock /Users/viatropos/.npm/t-case/0.1.0/package /Users/viatropos/.npm/d68c98be-atropos-npm-t-case-0-1-0-package.lock
42 silly lockFile d68c98be-atropos-npm-t-case-0-1-0-package /Users/viatropos/.npm/t-case/0.1.0/package
43 verbose tar unpack /Users/viatropos/.npm/t-case/0.1.0/package.tgz
44 silly lockFile d68c98be-atropos-npm-t-case-0-1-0-package /Users/viatropos/.npm/t-case/0.1.0/package
45 verbose lock /Users/viatropos/.npm/t-case/0.1.0/package /Users/viatropos/.npm/d68c98be-atropos-npm-t-case-0-1-0-package.lock
46 silly gunzTarPerm modes [ '755', '644' ]
47 silly gunzTarPerm extractEntry package.json
48 silly gunzTarPerm extractEntry .npmignore
49 silly gunzTarPerm extractEntry README.md
50 silly gunzTarPerm extractEntry index.js
51 silly gunzTarPerm extractEntry .travis.yml
52 silly gunzTarPerm extractEntry bin/tstring
53 silly gunzTarPerm extractEntry test/tcaseTest.js
54 silly gunzTarPerm extractEntry test/mocha.opts
55 verbose read json /Users/viatropos/.npm/t-case/0.1.0/package/package.json
56 silly lockFile d68c98be-atropos-npm-t-case-0-1-0-package /Users/viatropos/.npm/t-case/0.1.0/package
57 silly shasum updated bytes 2454
58 info shasum cbd492e364a90354447f2a8dd3b39577dfbf26a2
58 info shasum /Users/viatropos/.npm/t-case/0.1.0/package.tgz
59 verbose from cache /Users/viatropos/.npm/t-case/0.1.0/package/package.json
60 verbose chmod /Users/viatropos/.npm/t-case/0.1.0/package.tgz 644
61 verbose chown /Users/viatropos/.npm/t-case/0.1.0/package.tgz [ 501, 20 ]
62 silly lockFile 3a52ce78- .
63 silly publish { name: 't-case',
63 silly publish   version: '0.1.0',
63 silly publish   main: './index.js',
63 silly publish   author: { name: 'Lance Pollard', email: 'lancejpollard@gmail.com' },
63 silly publish   devDependencies: { chai: '~1.4.2', mocha: '~1.8.1' },
63 silly publish   readme: '# tcase\n\n## Install\n\nNode:\n\n```\nnpm install t-case\n```\n\nBrowser:\n\n``` html\n<script src="https://raw.github.com/viatropos/tcase/master/index.js"></script>\n```\n\n## Usage\n\n``` javascript\nvar tcase = require(\'tcase\')\n  , cases = [\n      \'fooBar\'\n    , \'foo_bar\'\n    , \'FOO_BAR\'\n    , \'FooBar\'\n    , \'Foo.Bar\'\n    , \'Foo Bar\'\n    , \'foo-bar\'\n    , \'foo/bar\'\n    , \'foo.bar\'\n  ]\n\ncases.forEach(function(string) {\n  tcase.camelCase(string)      // "fooBar"\n  tcase.snakeCase(string)      // "foo_bar"\n  tcase.constantCase(string)   // "FOO_BAR"\n  tcase.classCase(string)      // "FooBar"\n  tcase.namespaceCase(string)  // "Foo.Bar"\n  tcase.titleCase(string)      // "Foo Bar"\n  tcase.paramCase(string)      // "foo-bar"\n  tcase.pathCase(string)       // "foo/bar"\n  tcase.dotCase(string)        // "foo.bar"\n});\n```\n\n## Contribute\n\n```\ngit clone git://github.com/viatropos/tcase.git\ncd tcase\nnpm install\n```\n\n### Test\n\nRequires `mocha`, `chai`, and `phantomjs`:\n\n```\nbrew install phantomjs\nnpm install mocha -g\nnpm install phantomjs chai\n```\n\n## MIT License\n\nCopyright &copy; 2013 [Lance Pollard](http://twitter.com/viatropos) <lancejpollard@gmail.com>\n \nPermission is hereby granted, free of charge, to any person obtaining\na copy of this software and associated documentation files (the\n"Software"), to deal in the Software without restriction, including\nwithout limitation the rights to use, copy, modify, merge, publish,\ndistribute, sublicense, and/or sell copies of the Software, and to\npermit persons to whom the Software is furnished to do so, subject to\nthe following conditions:\n\nThe above copyright notice and this permission notice shall be\nincluded in all copies or substantial portions of the Software.\n\nTHE SOFTWARE IS PROVIDED "AS IS", WITHOUT WARRANTY OF ANY KIND,\nEXPRESS OR IMPLIED, INCLUDING BUT NOT LIMITED TO THE WARRANTIES OF\nMERCHANTABILITY, FITNESS FOR A PARTICULAR PURPOSE AND\nNONINFRINGEMENT. IN NO EVENT SHALL THE AUTHORS OR COPYRIGHT HOLDERS BE\nLIABLE FOR ANY CLAIM, DAMAGES OR OTHER LIABILITY, WHETHER IN AN ACTION\nOF CONTRACT, TORT OR OTHERWISE, ARISING FROM, OUT OF OR IN CONNECTION\nWITH THE SOFTWARE OR THE USE OR OTHER DEALINGS IN THE SOFTWARE.\n',
63 silly publish   readmeFilename: 'README.md',
63 silly publish   _id: 't-case@0.1.0',
63 silly publish   description: '## Install',
63 silly publish   dist: { shasum: 'cbd492e364a90354447f2a8dd3b39577dfbf26a2' } }
64 verbose url raw t-case
65 verbose url resolving [ 'https://registry.npmjs.org/', './t-case' ]
66 verbose url resolved https://registry.npmjs.org/t-case
67 info trying registry request attempt 1 at 03:19:55
68 http PUT https://registry.npmjs.org/t-case
69 http 409 https://registry.npmjs.org/t-case
70 verbose url raw t-case
71 verbose url resolving [ 'https://registry.npmjs.org/', './t-case' ]
72 verbose url resolved https://registry.npmjs.org/t-case
73 info trying registry request attempt 1 at 03:19:56
74 http GET https://registry.npmjs.org/t-case
75 http 200 https://registry.npmjs.org/t-case
76 error publish fail Cannot publish over existing version.
76 error publish fail Bump the 'version' field, set the --force flag, or
76 error publish fail     npm unpublish 't-case@0.1.0'
76 error publish fail and try again
77 error System Darwin 12.0.0
78 error command "/usr/local/Cellar/node/0.8.16/bin/node" "/usr/local/bin/npm" "publish"
79 error cwd /Users/viatropos/Documents/code/personal/javascript/tcase
80 error node -v v0.8.16
81 error npm -v 1.1.69
82 error code EPUBLISHCONFLICT
83 verbose exit [ 1, true ]
